0 info it worked if it ends with ok
1 verbose cli [ '/Users/aiyushdhar/.nvm/versions/node/v6.17.1/bin/node',
1 verbose cli   '/Users/aiyushdhar/.nvm/versions/node/v6.17.1/bin/npm',
1 verbose cli   'run',
1 verbose cli   'single' ]
2 info using npm@3.10.10
3 info using node@v6.17.1
4 verbose run-script [ 'presingle', 'single', 'postsingle' ]
5 info lifecycle webdriverio-appium-app-browserstack@0.1.0~presingle: webdriverio-appium-app-browserstack@0.1.0
6 silly lifecycle webdriverio-appium-app-browserstack@0.1.0~presingle: no script for presingle, continuing
7 info lifecycle webdriverio-appium-app-browserstack@0.1.0~single: webdriverio-appium-app-browserstack@0.1.0
8 verbose lifecycle webdriverio-appium-app-browserstack@0.1.0~single: unsafe-perm in lifecycle true
9 verbose lifecycle webdriverio-appium-app-browserstack@0.1.0~single: PATH: /Users/aiyushdhar/.nvm/versions/node/v6.17.1/lib/node_modules/npm/bin/node-gyp-bin:/Users/aiyushdhar/Projects/ionic1/saucelabs/webdriverio-appium-app-browserstack/android/node_modules/.bin:/Users/aiyushdhar/.nvm/versions/node/v6.17.1/bin:/Users/aiyushdhar/.nvm/versions/node/v6.17.1/bin:/usr/local/Cellar/rabbitmq/3.7.16/sbin:/Users/aiyushdhar/Library/Android/sdk/platform-tools:/Users/aiyushdhar/Library/Android/sdk/tools:/Users/aiyushdhar/.nvm/versions/node/v10.15.3/bin:/Library/Java/JavaVirtualMachines/jdk1.8.0_202.jdk/Contents/Home/bin:/usr/local/opt/maven@3.5/bin:/usr/local/opt/maven@3.5/bin:/usr/local/bin:/usr/bin:/bin:/usr/sbin:/sbin:/opt/anaconda3/bin:/opt/anaconda3/condabin:/usr/local/Cellar/rabbitmq/3.7.16/sbin:/Users/aiyushdhar/Library/Android/sdk/platform-tools:/Users/aiyushdhar/Library/Android/sdk/tools:/Users/aiyushdhar/.nvm/versions/node/v10.15.3/bin:/Library/Java/JavaVirtualMachines/jdk1.8.0_202.jdk/Contents/Home/bin:/usr/local/opt/maven@3.5/bin:/usr/local/sbin:/Users/aiyushdhar/Library/Android/sdk/tools:/Users/aiyushdhar/Library/Android/sdk/platform-tools:/usr/local/sbin
10 verbose lifecycle webdriverio-appium-app-browserstack@0.1.0~single: CWD: /Users/aiyushdhar/Projects/ionic1/saucelabs/webdriverio-appium-app-browserstack/android
11 silly lifecycle webdriverio-appium-app-browserstack@0.1.0~single: Args: [ '-c', 'wdio conf/single.conf.js' ]
12 silly lifecycle webdriverio-appium-app-browserstack@0.1.0~single: Returned: code: 1  signal: null
13 info lifecycle webdriverio-appium-app-browserstack@0.1.0~single: Failed to exec single script
14 verbose stack Error: webdriverio-appium-app-browserstack@0.1.0 single: `wdio conf/single.conf.js`
14 verbose stack Exit status 1
14 verbose stack     at EventEmitter.<anonymous> (/Users/aiyushdhar/.nvm/versions/node/v6.17.1/lib/node_modules/npm/lib/utils/lifecycle.js:255:16)
14 verbose stack     at emitTwo (events.js:106:13)
14 verbose stack     at EventEmitter.emit (events.js:191:7)
14 verbose stack     at ChildProcess.<anonymous> (/Users/aiyushdhar/.nvm/versions/node/v6.17.1/lib/node_modules/npm/lib/utils/spawn.js:40:14)
14 verbose stack     at emitTwo (events.js:106:13)
14 verbose stack     at ChildProcess.emit (events.js:191:7)
14 verbose stack     at maybeClose (internal/child_process.js:920:16)
14 verbose stack     at Process.ChildProcess._handle.onexit (internal/child_process.js:230:5)
15 verbose pkgid webdriverio-appium-app-browserstack@0.1.0
16 verbose cwd /Users/aiyushdhar/Projects/ionic1/saucelabs/webdriverio-appium-app-browserstack/android
17 error Darwin 19.6.0
18 error argv "/Users/aiyushdhar/.nvm/versions/node/v6.17.1/bin/node" "/Users/aiyushdhar/.nvm/versions/node/v6.17.1/bin/npm" "run" "single"
19 error node v6.17.1
20 error npm  v3.10.10
21 error code ELIFECYCLE
22 error webdriverio-appium-app-browserstack@0.1.0 single: `wdio conf/single.conf.js`
22 error Exit status 1
23 error Failed at the webdriverio-appium-app-browserstack@0.1.0 single script 'wdio conf/single.conf.js'.
23 error Make sure you have the latest version of node.js and npm installed.
23 error If you do, this is most likely a problem with the webdriverio-appium-app-browserstack package,
23 error not with npm itself.
23 error Tell the author that this fails on your system:
23 error     wdio conf/single.conf.js
23 error You can get information on how to open an issue for this project with:
23 error     npm bugs webdriverio-appium-app-browserstack
23 error Or if that isn't available, you can get their info via:
23 error     npm owner ls webdriverio-appium-app-browserstack
23 error There is likely additional logging output above.
24 verbose exit [ 1, true ]
